<?xml version="1.0" encoding="UTF-8"?>
<testsuite xmlns:xsi="http://www.w3.org/2001/XMLSchema-instance" xsi:noNamespaceSchemaLocation="https://maven.apache.org/surefire/maven-surefire-plugin/xsd/surefire-test-report.xsd" version="3.0.2" name="com.example.yddmall.YddmallApplicationTests" time="8.019" tests="1" errors="0" skipped="0" failures="0">
  <properties>
[...]
</properties>
  <testcase name="contextLoads" classname="com.example.yddmall.YddmallApplicationTests" time="1.298">
    <system-out><![CDATA[12:48:43.109 [main] INFO org.springframework.test.context.support.AnnotationConfigContextLoaderUtils -- Could not detect default configuration classes for test class [com.example.yddmall.YddmallApplicationTests]: YddmallApplicationTests does not declare any static, non-private, non-final, nested classes annotated with @Configuration.
12:48:43.291 [main] INFO org.springframework.boot.test.context.SpringBootTestContextBootstrapper -- Found @SpringBootConfiguration com.example.yddmall.YddmallApplication for test class com.example.yddmall.YddmallApplicationTests

  .   ____          _            __ _ _
 /\\ / ___'_ __ _ _(_)_ __  __ _ \ \ \ \
( ( )\___ | '_ | '_| | '_ \/ _` | \ \ \ \
 \\/  ___)| |_)| | | | | || (_| |  ) ) ) )
  '  |____| .__|_| |_|_| |_\__, | / / / /
 =========|_|==============|___/=/_/_/_/

 :: Spring Boot ::               (v3.4.10)

2025-11-03T12:48:44.159+08:00  INFO 20044 --- [yddmall] [           main] c.e.yddmall.YddmallApplicationTests      : Starting YddmallApplicationTests using Java 17.0.14 with PID 20044 (started by Lenovo in E:\bysj\有点多商城-v1 - 副本\yddmall)
2025-11-03T12:48:44.161+08:00  INFO 20044 --- [yddmall] [           main] c.e.yddmall.YddmallApplicationTests      : No active profile set, falling back to 1 default profile: "default"
 _ _   |_  _ _|_. ___ _ |    _ 
| | |\/|_)(_| | |_\  |_)||_|_\ 
     /               |         
                        3.5.11 
2025-11-03T12:48:48.376+08:00  WARN 20044 --- [yddmall] [           main] .s.s.UserDetailsServiceAutoConfiguration : 

Using generated security password: 76eed449-f84e-4576-9c87-a3ea6ef77bdb

This generated password is for development use only. Your security configuration must be updated before running your application in production.

2025-11-03T12:48:48.418+08:00  INFO 20044 --- [yddmall] [           main] r$InitializeUserDetailsManagerConfigurer : Global AuthenticationManager configured with UserDetailsService bean with name inMemoryUserDetailsManager
2025-11-03T12:48:49.522+08:00  INFO 20044 --- [yddmall] [           main] c.e.yddmall.YddmallApplicationTests      : Started YddmallApplicationTests in 5.973 seconds (process running for 7.45)
]]></system-out>
  </testcase>
</testsuite>